mkdir: cannot create directory `/scratch/works/class': Permission denied
cp: target `/scratch/works/class/siesta_1128_131216/' is not a directory
cp: target `/scratch/works/class/siesta_1128_131216/' is not a directory
cp: cannot stat `/home/class/GB/151124_graphene_6x6_doping/B_doped_09_261111111/*.DM': No such file or directory
/PBS/mom_priv/jobs/76824.master.hpc.SC: line 74: cd: /scratch/works/class/siesta_1128_131216: No such file or directory
cp: cannot stat `/scratch/works/class/siesta_1128_131216/stdout.txt': No such file or directory
cp: cannot stat `/scratch/works/class/siesta_1128_131216/*.xyz': No such file or directory
cp: cannot stat `/scratch/works/class/siesta_1128_131216/*.EIG': No such file or directory
cp: cannot stat `/scratch/works/class/siesta_1128_131216/*.DM': No such file or directory
cp: cannot stat `/scratch/works/class/siesta_1128_131216/*.DOS': No such file or directory
cp: cannot stat `/scratch/works/class/siesta_1128_131216/*.PDOS': No such file or directory
cp: cannot stat `/scratch/works/class/siesta_1128_131216/*.LDOS': No such file or directory
cp: cannot stat `/scratch/works/class/siesta_1128_131216/*.XV': No such file or directory
cp: cannot stat `/scratch/works/class/siesta_1128_131216/*.RHO': No such file or directory
cp: cannot stat `/scratch/works/class/siesta_1128_131216/*.VH': No such file or directory
cp: cannot stat `/scratch/works/class/siesta_1128_131216/*.bands': No such file or directory
cp: cannot stat `/scratch/works/class/siesta_1128_131216/*.WFSX': No such file or directory
cp: cannot stat `/scratch/works/class/siesta_1128_131216/*.HSX': No such file or directory
cp: cannot stat `/scratch/works/class/siesta_1128_131216/*.TSHS': No such file or directory
cp: cannot stat `/scratch/works/class/siesta_1128_131216/*.AVTRANS': No such file or directory
cp: cannot stat `/scratch/works/class/siesta_1128_131216/*.ANI': No such file or directory
