mkdir: cannot create directory `/scratch/works/class': Permission denied
cp: target `/scratch/works/class/siesta_1205_010337/' is not a directory
cp: target `/scratch/works/class/siesta_1205_010337/' is not a directory
cp: cannot create regular file `/scratch/works/class/siesta_1205_010337/': No such file or directory
/PBS/mom_priv/jobs/77434.master.hpc.SC: line 74: cd: /scratch/works/class/siesta_1205_010337: No such file or directory
cp: cannot stat `/scratch/works/class/siesta_1205_010337/stdout.txt': No such file or directory
cp: cannot stat `/scratch/works/class/siesta_1205_010337/*.xyz': No such file or directory
cp: cannot stat `/scratch/works/class/siesta_1205_010337/*.EIG': No such file or directory
cp: cannot stat `/scratch/works/class/siesta_1205_010337/*.DM': No such file or directory
cp: cannot stat `/scratch/works/class/siesta_1205_010337/*.DOS': No such file or directory
cp: cannot stat `/scratch/works/class/siesta_1205_010337/*.PDOS': No such file or directory
cp: cannot stat `/scratch/works/class/siesta_1205_010337/*.LDOS': No such file or directory
cp: cannot stat `/scratch/works/class/siesta_1205_010337/*.XV': No such file or directory
cp: cannot stat `/scratch/works/class/siesta_1205_010337/*.RHO': No such file or directory
cp: cannot stat `/scratch/works/class/siesta_1205_010337/*.VH': No such file or directory
cp: cannot stat `/scratch/works/class/siesta_1205_010337/*.bands': No such file or directory
cp: cannot stat `/scratch/works/class/siesta_1205_010337/*.WFSX': No such file or directory
cp: cannot stat `/scratch/works/class/siesta_1205_010337/*.HSX': No such file or directory
cp: cannot stat `/scratch/works/class/siesta_1205_010337/*.TSHS': No such file or directory
cp: cannot stat `/scratch/works/class/siesta_1205_010337/*.AVTRANS': No such file or directory
cp: cannot stat `/scratch/works/class/siesta_1205_010337/*.ANI': No such file or directory
