mkdir: cannot create directory `/scratch/works/class': Permission denied
cp: target `/scratch/works/class/siesta_1206_131438/' is not a directory
cp: target `/scratch/works/class/siesta_1206_131438/' is not a directory
cp: cannot create regular file `/scratch/works/class/siesta_1206_131438/': No such file or directory
/PBS/mom_priv/jobs/77562.master.hpc.SC: line 74: cd: /scratch/works/class/siesta_1206_131438: No such file or directory
cp: cannot stat `/scratch/works/class/siesta_1206_131438/stdout.txt': No such file or directory
cp: cannot stat `/scratch/works/class/siesta_1206_131438/*.xyz': No such file or directory
cp: cannot stat `/scratch/works/class/siesta_1206_131438/*.EIG': No such file or directory
cp: cannot stat `/scratch/works/class/siesta_1206_131438/*.DM': No such file or directory
cp: cannot stat `/scratch/works/class/siesta_1206_131438/*.DOS': No such file or directory
cp: cannot stat `/scratch/works/class/siesta_1206_131438/*.PDOS': No such file or directory
cp: cannot stat `/scratch/works/class/siesta_1206_131438/*.LDOS': No such file or directory
cp: cannot stat `/scratch/works/class/siesta_1206_131438/*.XV': No such file or directory
cp: cannot stat `/scratch/works/class/siesta_1206_131438/*.RHO': No such file or directory
cp: cannot stat `/scratch/works/class/siesta_1206_131438/*.VH': No such file or directory
cp: cannot stat `/scratch/works/class/siesta_1206_131438/*.bands': No such file or directory
cp: cannot stat `/scratch/works/class/siesta_1206_131438/*.WFSX': No such file or directory
cp: cannot stat `/scratch/works/class/siesta_1206_131438/*.HSX': No such file or directory
cp: cannot stat `/scratch/works/class/siesta_1206_131438/*.TSHS': No such file or directory
cp: cannot stat `/scratch/works/class/siesta_1206_131438/*.AVTRANS': No such file or directory
cp: cannot stat `/scratch/works/class/siesta_1206_131438/*.ANI': No such file or directory
