mkdir: cannot create directory `/scratch/works/class': Permission denied
cp: target `/scratch/works/class/siesta_1206_130855/' is not a directory
cp: target `/scratch/works/class/siesta_1206_130855/' is not a directory
cp: cannot create regular file `/scratch/works/class/siesta_1206_130855/': No such file or directory
/PBS/mom_priv/jobs/77561.master.hpc.SC: line 74: cd: /scratch/works/class/siesta_1206_130855: No such file or directory
cp: cannot stat `/scratch/works/class/siesta_1206_130855/stdout.txt': No such file or directory
cp: cannot stat `/scratch/works/class/siesta_1206_130855/*.xyz': No such file or directory
cp: cannot stat `/scratch/works/class/siesta_1206_130855/*.EIG': No such file or directory
cp: cannot stat `/scratch/works/class/siesta_1206_130855/*.DM': No such file or directory
cp: cannot stat `/scratch/works/class/siesta_1206_130855/*.DOS': No such file or directory
cp: cannot stat `/scratch/works/class/siesta_1206_130855/*.PDOS': No such file or directory
cp: cannot stat `/scratch/works/class/siesta_1206_130855/*.LDOS': No such file or directory
cp: cannot stat `/scratch/works/class/siesta_1206_130855/*.XV': No such file or directory
cp: cannot stat `/scratch/works/class/siesta_1206_130855/*.RHO': No such file or directory
cp: cannot stat `/scratch/works/class/siesta_1206_130855/*.VH': No such file or directory
cp: cannot stat `/scratch/works/class/siesta_1206_130855/*.bands': No such file or directory
cp: cannot stat `/scratch/works/class/siesta_1206_130855/*.WFSX': No such file or directory
cp: cannot stat `/scratch/works/class/siesta_1206_130855/*.HSX': No such file or directory
cp: cannot stat `/scratch/works/class/siesta_1206_130855/*.TSHS': No such file or directory
cp: cannot stat `/scratch/works/class/siesta_1206_130855/*.AVTRANS': No such file or directory
cp: cannot stat `/scratch/works/class/siesta_1206_130855/*.ANI': No such file or directory
