mkdir: cannot create directory `/scratch/works/class': Permission denied
cp: target `/scratch/works/class/siesta_1129_005453/' is not a directory
cp: target `/scratch/works/class/siesta_1129_005453/' is not a directory
cp: cannot create regular file `/scratch/works/class/siesta_1129_005453/': No such file or directory
/PBS/mom_priv/jobs/76877.master.hpc.SC: line 74: cd: /scratch/works/class/siesta_1129_005453: No such file or directory
cp: cannot stat `/scratch/works/class/siesta_1129_005453/stdout.txt': No such file or directory
cp: cannot stat `/scratch/works/class/siesta_1129_005453/*.xyz': No such file or directory
cp: cannot stat `/scratch/works/class/siesta_1129_005453/*.EIG': No such file or directory
cp: cannot stat `/scratch/works/class/siesta_1129_005453/*.DM': No such file or directory
cp: cannot stat `/scratch/works/class/siesta_1129_005453/*.DOS': No such file or directory
cp: cannot stat `/scratch/works/class/siesta_1129_005453/*.PDOS': No such file or directory
cp: cannot stat `/scratch/works/class/siesta_1129_005453/*.LDOS': No such file or directory
cp: cannot stat `/scratch/works/class/siesta_1129_005453/*.XV': No such file or directory
cp: cannot stat `/scratch/works/class/siesta_1129_005453/*.RHO': No such file or directory
cp: cannot stat `/scratch/works/class/siesta_1129_005453/*.VH': No such file or directory
cp: cannot stat `/scratch/works/class/siesta_1129_005453/*.bands': No such file or directory
cp: cannot stat `/scratch/works/class/siesta_1129_005453/*.WFSX': No such file or directory
cp: cannot stat `/scratch/works/class/siesta_1129_005453/*.HSX': No such file or directory
cp: cannot stat `/scratch/works/class/siesta_1129_005453/*.TSHS': No such file or directory
cp: cannot stat `/scratch/works/class/siesta_1129_005453/*.AVTRANS': No such file or directory
cp: cannot stat `/scratch/works/class/siesta_1129_005453/*.ANI': No such file or directory
