mkdir: cannot create directory `/scratch/works/class': Permission denied
cp: target `/scratch/works/class/siesta_1201_021146/' is not a directory
cp: target `/scratch/works/class/siesta_1201_021146/' is not a directory
cp: cannot stat `/home/class/GB/151124_graphene_6x6_doping/N_doped_09_311111116/*.DM': No such file or directory
/PBS/mom_priv/jobs/77065.master.hpc.SC: line 74: cd: /scratch/works/class/siesta_1201_021146: No such file or directory
cp: cannot stat `/scratch/works/class/siesta_1201_021146/stdout.txt': No such file or directory
cp: cannot stat `/scratch/works/class/siesta_1201_021146/*.xyz': No such file or directory
cp: cannot stat `/scratch/works/class/siesta_1201_021146/*.EIG': No such file or directory
cp: cannot stat `/scratch/works/class/siesta_1201_021146/*.DM': No such file or directory
cp: cannot stat `/scratch/works/class/siesta_1201_021146/*.DOS': No such file or directory
cp: cannot stat `/scratch/works/class/siesta_1201_021146/*.PDOS': No such file or directory
cp: cannot stat `/scratch/works/class/siesta_1201_021146/*.LDOS': No such file or directory
cp: cannot stat `/scratch/works/class/siesta_1201_021146/*.XV': No such file or directory
cp: cannot stat `/scratch/works/class/siesta_1201_021146/*.RHO': No such file or directory
cp: cannot stat `/scratch/works/class/siesta_1201_021146/*.VH': No such file or directory
cp: cannot stat `/scratch/works/class/siesta_1201_021146/*.bands': No such file or directory
cp: cannot stat `/scratch/works/class/siesta_1201_021146/*.WFSX': No such file or directory
cp: cannot stat `/scratch/works/class/siesta_1201_021146/*.HSX': No such file or directory
cp: cannot stat `/scratch/works/class/siesta_1201_021146/*.TSHS': No such file or directory
cp: cannot stat `/scratch/works/class/siesta_1201_021146/*.AVTRANS': No such file or directory
cp: cannot stat `/scratch/works/class/siesta_1201_021146/*.ANI': No such file or directory
