mkdir: cannot create directory `/scratch/works/class': Permission denied
cp: target `/scratch/works/class/siesta_1211_003117/' is not a directory
cp: target `/scratch/works/class/siesta_1211_003117/' is not a directory
cp: cannot create regular file `/scratch/works/class/siesta_1211_003117/': No such file or directory
/PBS/mom_priv/jobs/78130.master.hpc.SC: line 74: cd: /scratch/works/class/siesta_1211_003117: No such file or directory
cp: cannot stat `/scratch/works/class/siesta_1211_003117/stdout.txt': No such file or directory
cp: cannot stat `/scratch/works/class/siesta_1211_003117/*.xyz': No such file or directory
cp: cannot stat `/scratch/works/class/siesta_1211_003117/*.EIG': No such file or directory
cp: cannot stat `/scratch/works/class/siesta_1211_003117/*.DM': No such file or directory
cp: cannot stat `/scratch/works/class/siesta_1211_003117/*.DOS': No such file or directory
cp: cannot stat `/scratch/works/class/siesta_1211_003117/*.PDOS': No such file or directory
cp: cannot stat `/scratch/works/class/siesta_1211_003117/*.LDOS': No such file or directory
cp: cannot stat `/scratch/works/class/siesta_1211_003117/*.XV': No such file or directory
cp: cannot stat `/scratch/works/class/siesta_1211_003117/*.RHO': No such file or directory
cp: cannot stat `/scratch/works/class/siesta_1211_003117/*.VH': No such file or directory
cp: cannot stat `/scratch/works/class/siesta_1211_003117/*.bands': No such file or directory
cp: cannot stat `/scratch/works/class/siesta_1211_003117/*.WFSX': No such file or directory
cp: cannot stat `/scratch/works/class/siesta_1211_003117/*.HSX': No such file or directory
cp: cannot stat `/scratch/works/class/siesta_1211_003117/*.TSHS': No such file or directory
cp: cannot stat `/scratch/works/class/siesta_1211_003117/*.AVTRANS': No such file or directory
cp: cannot stat `/scratch/works/class/siesta_1211_003117/*.ANI': No such file or directory
