mkdir: cannot create directory `/scratch/works/class': Permission denied
cp: target `/scratch/works/class/siesta_1211_001528/' is not a directory
cp: target `/scratch/works/class/siesta_1211_001528/' is not a directory
cp: cannot create regular file `/scratch/works/class/siesta_1211_001528/': No such file or directory
/PBS/mom_priv/jobs/78129.master.hpc.SC: line 74: cd: /scratch/works/class/siesta_1211_001528: No such file or directory
cp: cannot stat `/scratch/works/class/siesta_1211_001528/stdout.txt': No such file or directory
cp: cannot stat `/scratch/works/class/siesta_1211_001528/*.xyz': No such file or directory
cp: cannot stat `/scratch/works/class/siesta_1211_001528/*.EIG': No such file or directory
cp: cannot stat `/scratch/works/class/siesta_1211_001528/*.DM': No such file or directory
cp: cannot stat `/scratch/works/class/siesta_1211_001528/*.DOS': No such file or directory
cp: cannot stat `/scratch/works/class/siesta_1211_001528/*.PDOS': No such file or directory
cp: cannot stat `/scratch/works/class/siesta_1211_001528/*.LDOS': No such file or directory
cp: cannot stat `/scratch/works/class/siesta_1211_001528/*.XV': No such file or directory
cp: cannot stat `/scratch/works/class/siesta_1211_001528/*.RHO': No such file or directory
cp: cannot stat `/scratch/works/class/siesta_1211_001528/*.VH': No such file or directory
cp: cannot stat `/scratch/works/class/siesta_1211_001528/*.bands': No such file or directory
cp: cannot stat `/scratch/works/class/siesta_1211_001528/*.WFSX': No such file or directory
cp: cannot stat `/scratch/works/class/siesta_1211_001528/*.HSX': No such file or directory
cp: cannot stat `/scratch/works/class/siesta_1211_001528/*.TSHS': No such file or directory
cp: cannot stat `/scratch/works/class/siesta_1211_001528/*.AVTRANS': No such file or directory
cp: cannot stat `/scratch/works/class/siesta_1211_001528/*.ANI': No such file or directory
