mkdir: cannot create directory `/scratch/works/class': Permission denied
cp: target `/scratch/works/class/siesta_1129_150134/' is not a directory
cp: target `/scratch/works/class/siesta_1129_150134/' is not a directory
cp: cannot create regular file `/scratch/works/class/siesta_1129_150134/': No such file or directory
/PBS/mom_priv/jobs/76907.master.hpc.SC: line 74: cd: /scratch/works/class/siesta_1129_150134: No such file or directory
cp: cannot stat `/scratch/works/class/siesta_1129_150134/stdout.txt': No such file or directory
cp: cannot stat `/scratch/works/class/siesta_1129_150134/*.xyz': No such file or directory
cp: cannot stat `/scratch/works/class/siesta_1129_150134/*.EIG': No such file or directory
cp: cannot stat `/scratch/works/class/siesta_1129_150134/*.DM': No such file or directory
cp: cannot stat `/scratch/works/class/siesta_1129_150134/*.DOS': No such file or directory
cp: cannot stat `/scratch/works/class/siesta_1129_150134/*.PDOS': No such file or directory
cp: cannot stat `/scratch/works/class/siesta_1129_150134/*.LDOS': No such file or directory
cp: cannot stat `/scratch/works/class/siesta_1129_150134/*.XV': No such file or directory
cp: cannot stat `/scratch/works/class/siesta_1129_150134/*.RHO': No such file or directory
cp: cannot stat `/scratch/works/class/siesta_1129_150134/*.VH': No such file or directory
cp: cannot stat `/scratch/works/class/siesta_1129_150134/*.bands': No such file or directory
cp: cannot stat `/scratch/works/class/siesta_1129_150134/*.WFSX': No such file or directory
cp: cannot stat `/scratch/works/class/siesta_1129_150134/*.HSX': No such file or directory
cp: cannot stat `/scratch/works/class/siesta_1129_150134/*.TSHS': No such file or directory
cp: cannot stat `/scratch/works/class/siesta_1129_150134/*.AVTRANS': No such file or directory
cp: cannot stat `/scratch/works/class/siesta_1129_150134/*.ANI': No such file or directory
