mkdir: cannot create directory `/scratch/works/class': Permission denied
cp: target `/scratch/works/class/siesta_1204_190545/' is not a directory
cp: target `/scratch/works/class/siesta_1204_190545/' is not a directory
cp: cannot stat `/home/class/GB/151124_graphene_6x6_doping/B_doped_27_137/*.DM': No such file or directory
/PBS/mom_priv/jobs/77391.master.hpc.SC: line 74: cd: /scratch/works/class/siesta_1204_190545: No such file or directory
cp: cannot stat `/scratch/works/class/siesta_1204_190545/stdout.txt': No such file or directory
cp: cannot stat `/scratch/works/class/siesta_1204_190545/*.xyz': No such file or directory
cp: cannot stat `/scratch/works/class/siesta_1204_190545/*.EIG': No such file or directory
cp: cannot stat `/scratch/works/class/siesta_1204_190545/*.DM': No such file or directory
cp: cannot stat `/scratch/works/class/siesta_1204_190545/*.DOS': No such file or directory
cp: cannot stat `/scratch/works/class/siesta_1204_190545/*.PDOS': No such file or directory
cp: cannot stat `/scratch/works/class/siesta_1204_190545/*.LDOS': No such file or directory
cp: cannot stat `/scratch/works/class/siesta_1204_190545/*.XV': No such file or directory
cp: cannot stat `/scratch/works/class/siesta_1204_190545/*.RHO': No such file or directory
cp: cannot stat `/scratch/works/class/siesta_1204_190545/*.VH': No such file or directory
cp: cannot stat `/scratch/works/class/siesta_1204_190545/*.bands': No such file or directory
cp: cannot stat `/scratch/works/class/siesta_1204_190545/*.WFSX': No such file or directory
cp: cannot stat `/scratch/works/class/siesta_1204_190545/*.HSX': No such file or directory
cp: cannot stat `/scratch/works/class/siesta_1204_190545/*.TSHS': No such file or directory
cp: cannot stat `/scratch/works/class/siesta_1204_190545/*.AVTRANS': No such file or directory
cp: cannot stat `/scratch/works/class/siesta_1204_190545/*.ANI': No such file or directory
