mkdir: cannot create directory `/scratch/works/class': Permission denied
cp: target `/scratch/works/class/siesta_1201_073201/' is not a directory
cp: target `/scratch/works/class/siesta_1201_073201/' is not a directory
cp: cannot stat `/home/class/GB/151124_graphene_6x6_doping/B_doped_09_361111111/*.DM': No such file or directory
/PBS/mom_priv/jobs/77071.master.hpc.SC: line 74: cd: /scratch/works/class/siesta_1201_073201: No such file or directory
cp: cannot stat `/scratch/works/class/siesta_1201_073201/stdout.txt': No such file or directory
cp: cannot stat `/scratch/works/class/siesta_1201_073201/*.xyz': No such file or directory
cp: cannot stat `/scratch/works/class/siesta_1201_073201/*.EIG': No such file or directory
cp: cannot stat `/scratch/works/class/siesta_1201_073201/*.DM': No such file or directory
cp: cannot stat `/scratch/works/class/siesta_1201_073201/*.DOS': No such file or directory
cp: cannot stat `/scratch/works/class/siesta_1201_073201/*.PDOS': No such file or directory
cp: cannot stat `/scratch/works/class/siesta_1201_073201/*.LDOS': No such file or directory
cp: cannot stat `/scratch/works/class/siesta_1201_073201/*.XV': No such file or directory
cp: cannot stat `/scratch/works/class/siesta_1201_073201/*.RHO': No such file or directory
cp: cannot stat `/scratch/works/class/siesta_1201_073201/*.VH': No such file or directory
cp: cannot stat `/scratch/works/class/siesta_1201_073201/*.bands': No such file or directory
cp: cannot stat `/scratch/works/class/siesta_1201_073201/*.WFSX': No such file or directory
cp: cannot stat `/scratch/works/class/siesta_1201_073201/*.HSX': No such file or directory
cp: cannot stat `/scratch/works/class/siesta_1201_073201/*.TSHS': No such file or directory
cp: cannot stat `/scratch/works/class/siesta_1201_073201/*.AVTRANS': No such file or directory
cp: cannot stat `/scratch/works/class/siesta_1201_073201/*.ANI': No such file or directory
