mkdir: cannot create directory `/scratch/works/class': Permission denied
cp: target `/scratch/works/class/siesta_1203_210134/' is not a directory
cp: target `/scratch/works/class/siesta_1203_210134/' is not a directory
cp: cannot stat `/home/class/GB/151124_graphene_6x6_doping/B_doped_18_282828282828282828/*.DM': No such file or directory
/PBS/mom_priv/jobs/77272.master.hpc.SC: line 74: cd: /scratch/works/class/siesta_1203_210134: No such file or directory
cp: cannot stat `/scratch/works/class/siesta_1203_210134/stdout.txt': No such file or directory
cp: cannot stat `/scratch/works/class/siesta_1203_210134/*.xyz': No such file or directory
cp: cannot stat `/scratch/works/class/siesta_1203_210134/*.EIG': No such file or directory
cp: cannot stat `/scratch/works/class/siesta_1203_210134/*.DM': No such file or directory
cp: cannot stat `/scratch/works/class/siesta_1203_210134/*.DOS': No such file or directory
cp: cannot stat `/scratch/works/class/siesta_1203_210134/*.PDOS': No such file or directory
cp: cannot stat `/scratch/works/class/siesta_1203_210134/*.LDOS': No such file or directory
cp: cannot stat `/scratch/works/class/siesta_1203_210134/*.XV': No such file or directory
cp: cannot stat `/scratch/works/class/siesta_1203_210134/*.RHO': No such file or directory
cp: cannot stat `/scratch/works/class/siesta_1203_210134/*.VH': No such file or directory
cp: cannot stat `/scratch/works/class/siesta_1203_210134/*.bands': No such file or directory
cp: cannot stat `/scratch/works/class/siesta_1203_210134/*.WFSX': No such file or directory
cp: cannot stat `/scratch/works/class/siesta_1203_210134/*.HSX': No such file or directory
cp: cannot stat `/scratch/works/class/siesta_1203_210134/*.TSHS': No such file or directory
cp: cannot stat `/scratch/works/class/siesta_1203_210134/*.AVTRANS': No such file or directory
cp: cannot stat `/scratch/works/class/siesta_1203_210134/*.ANI': No such file or directory
