mkdir: cannot create directory `/scratch/works/class': Permission denied
cp: target `/scratch/works/class/siesta_1130_153635/' is not a directory
cp: target `/scratch/works/class/siesta_1130_153635/' is not a directory
cp: cannot stat `/home/class/GB/151124_graphene_6x6_doping/B_doped_09_371111111/*.DM': No such file or directory
/PBS/mom_priv/jobs/77024.master.hpc.SC: line 74: cd: /scratch/works/class/siesta_1130_153635: No such file or directory
cp: cannot stat `/scratch/works/class/siesta_1130_153635/stdout.txt': No such file or directory
cp: cannot stat `/scratch/works/class/siesta_1130_153635/*.xyz': No such file or directory
cp: cannot stat `/scratch/works/class/siesta_1130_153635/*.EIG': No such file or directory
cp: cannot stat `/scratch/works/class/siesta_1130_153635/*.DM': No such file or directory
cp: cannot stat `/scratch/works/class/siesta_1130_153635/*.DOS': No such file or directory
cp: cannot stat `/scratch/works/class/siesta_1130_153635/*.PDOS': No such file or directory
cp: cannot stat `/scratch/works/class/siesta_1130_153635/*.LDOS': No such file or directory
cp: cannot stat `/scratch/works/class/siesta_1130_153635/*.XV': No such file or directory
cp: cannot stat `/scratch/works/class/siesta_1130_153635/*.RHO': No such file or directory
cp: cannot stat `/scratch/works/class/siesta_1130_153635/*.VH': No such file or directory
cp: cannot stat `/scratch/works/class/siesta_1130_153635/*.bands': No such file or directory
cp: cannot stat `/scratch/works/class/siesta_1130_153635/*.WFSX': No such file or directory
cp: cannot stat `/scratch/works/class/siesta_1130_153635/*.HSX': No such file or directory
cp: cannot stat `/scratch/works/class/siesta_1130_153635/*.TSHS': No such file or directory
cp: cannot stat `/scratch/works/class/siesta_1130_153635/*.AVTRANS': No such file or directory
cp: cannot stat `/scratch/works/class/siesta_1130_153635/*.ANI': No such file or directory
