mkdir: cannot create directory `/scratch/works/class': Permission denied
cp: target `/scratch/works/class/siesta_1127_095559/' is not a directory
cp: target `/scratch/works/class/siesta_1127_095559/' is not a directory
cp: cannot stat `/home/class/GB/151124_graphene_6x6_doping/B_doped_09_111111118/*.DM': No such file or directory
/PBS/mom_priv/jobs/76638.master.hpc.SC: line 74: cd: /scratch/works/class/siesta_1127_095559: No such file or directory
cp: cannot stat `/scratch/works/class/siesta_1127_095559/stdout.txt': No such file or directory
cp: cannot stat `/scratch/works/class/siesta_1127_095559/*.xyz': No such file or directory
cp: cannot stat `/scratch/works/class/siesta_1127_095559/*.EIG': No such file or directory
cp: cannot stat `/scratch/works/class/siesta_1127_095559/*.DM': No such file or directory
cp: cannot stat `/scratch/works/class/siesta_1127_095559/*.DOS': No such file or directory
cp: cannot stat `/scratch/works/class/siesta_1127_095559/*.PDOS': No such file or directory
cp: cannot stat `/scratch/works/class/siesta_1127_095559/*.LDOS': No such file or directory
cp: cannot stat `/scratch/works/class/siesta_1127_095559/*.XV': No such file or directory
cp: cannot stat `/scratch/works/class/siesta_1127_095559/*.RHO': No such file or directory
cp: cannot stat `/scratch/works/class/siesta_1127_095559/*.VH': No such file or directory
cp: cannot stat `/scratch/works/class/siesta_1127_095559/*.bands': No such file or directory
cp: cannot stat `/scratch/works/class/siesta_1127_095559/*.WFSX': No such file or directory
cp: cannot stat `/scratch/works/class/siesta_1127_095559/*.HSX': No such file or directory
cp: cannot stat `/scratch/works/class/siesta_1127_095559/*.TSHS': No such file or directory
cp: cannot stat `/scratch/works/class/siesta_1127_095559/*.AVTRANS': No such file or directory
cp: cannot stat `/scratch/works/class/siesta_1127_095559/*.ANI': No such file or directory
