mkdir: cannot create directory `/scratch/works/class': Permission denied
cp: target `/scratch/works/class/siesta_1210_234335/' is not a directory
cp: target `/scratch/works/class/siesta_1210_234335/' is not a directory
cp: cannot create regular file `/scratch/works/class/siesta_1210_234335/': No such file or directory
/PBS/mom_priv/jobs/78127.master.hpc.SC: line 74: cd: /scratch/works/class/siesta_1210_234335: No such file or directory
cp: cannot stat `/scratch/works/class/siesta_1210_234335/stdout.txt': No such file or directory
cp: cannot stat `/scratch/works/class/siesta_1210_234335/*.xyz': No such file or directory
cp: cannot stat `/scratch/works/class/siesta_1210_234335/*.EIG': No such file or directory
cp: cannot stat `/scratch/works/class/siesta_1210_234335/*.DM': No such file or directory
cp: cannot stat `/scratch/works/class/siesta_1210_234335/*.DOS': No such file or directory
cp: cannot stat `/scratch/works/class/siesta_1210_234335/*.PDOS': No such file or directory
cp: cannot stat `/scratch/works/class/siesta_1210_234335/*.LDOS': No such file or directory
cp: cannot stat `/scratch/works/class/siesta_1210_234335/*.XV': No such file or directory
cp: cannot stat `/scratch/works/class/siesta_1210_234335/*.RHO': No such file or directory
cp: cannot stat `/scratch/works/class/siesta_1210_234335/*.VH': No such file or directory
cp: cannot stat `/scratch/works/class/siesta_1210_234335/*.bands': No such file or directory
cp: cannot stat `/scratch/works/class/siesta_1210_234335/*.WFSX': No such file or directory
cp: cannot stat `/scratch/works/class/siesta_1210_234335/*.HSX': No such file or directory
cp: cannot stat `/scratch/works/class/siesta_1210_234335/*.TSHS': No such file or directory
cp: cannot stat `/scratch/works/class/siesta_1210_234335/*.AVTRANS': No such file or directory
cp: cannot stat `/scratch/works/class/siesta_1210_234335/*.ANI': No such file or directory
