mkdir: cannot create directory `/scratch/works/class': Permission denied
cp: target `/scratch/works/class/siesta_1201_071441/' is not a directory
cp: target `/scratch/works/class/siesta_1201_071441/' is not a directory
cp: cannot stat `/home/class/GB/151124_graphene_6x6_doping/N_doped_09_361111111/*.DM': No such file or directory
/PBS/mom_priv/jobs/77070.master.hpc.SC: line 74: cd: /scratch/works/class/siesta_1201_071441: No such file or directory
cp: cannot stat `/scratch/works/class/siesta_1201_071441/stdout.txt': No such file or directory
cp: cannot stat `/scratch/works/class/siesta_1201_071441/*.xyz': No such file or directory
cp: cannot stat `/scratch/works/class/siesta_1201_071441/*.EIG': No such file or directory
cp: cannot stat `/scratch/works/class/siesta_1201_071441/*.DM': No such file or directory
cp: cannot stat `/scratch/works/class/siesta_1201_071441/*.DOS': No such file or directory
cp: cannot stat `/scratch/works/class/siesta_1201_071441/*.PDOS': No such file or directory
cp: cannot stat `/scratch/works/class/siesta_1201_071441/*.LDOS': No such file or directory
cp: cannot stat `/scratch/works/class/siesta_1201_071441/*.XV': No such file or directory
cp: cannot stat `/scratch/works/class/siesta_1201_071441/*.RHO': No such file or directory
cp: cannot stat `/scratch/works/class/siesta_1201_071441/*.VH': No such file or directory
cp: cannot stat `/scratch/works/class/siesta_1201_071441/*.bands': No such file or directory
cp: cannot stat `/scratch/works/class/siesta_1201_071441/*.WFSX': No such file or directory
cp: cannot stat `/scratch/works/class/siesta_1201_071441/*.HSX': No such file or directory
cp: cannot stat `/scratch/works/class/siesta_1201_071441/*.TSHS': No such file or directory
cp: cannot stat `/scratch/works/class/siesta_1201_071441/*.AVTRANS': No such file or directory
cp: cannot stat `/scratch/works/class/siesta_1201_071441/*.ANI': No such file or directory
