mkdir: cannot create directory `/scratch/works/class': Permission denied
cp: target `/scratch/works/class/siesta_1204_141811/' is not a directory
cp: target `/scratch/works/class/siesta_1204_141811/' is not a directory
cp: cannot stat `/home/class/GB/151124_graphene_6x6_doping/B_doped_27_135/*.DM': No such file or directory
/PBS/mom_priv/jobs/77388.master.hpc.SC: line 74: cd: /scratch/works/class/siesta_1204_141811: No such file or directory
cp: cannot stat `/scratch/works/class/siesta_1204_141811/stdout.txt': No such file or directory
cp: cannot stat `/scratch/works/class/siesta_1204_141811/*.xyz': No such file or directory
cp: cannot stat `/scratch/works/class/siesta_1204_141811/*.EIG': No such file or directory
cp: cannot stat `/scratch/works/class/siesta_1204_141811/*.DM': No such file or directory
cp: cannot stat `/scratch/works/class/siesta_1204_141811/*.DOS': No such file or directory
cp: cannot stat `/scratch/works/class/siesta_1204_141811/*.PDOS': No such file or directory
cp: cannot stat `/scratch/works/class/siesta_1204_141811/*.LDOS': No such file or directory
cp: cannot stat `/scratch/works/class/siesta_1204_141811/*.XV': No such file or directory
cp: cannot stat `/scratch/works/class/siesta_1204_141811/*.RHO': No such file or directory
cp: cannot stat `/scratch/works/class/siesta_1204_141811/*.VH': No such file or directory
cp: cannot stat `/scratch/works/class/siesta_1204_141811/*.bands': No such file or directory
cp: cannot stat `/scratch/works/class/siesta_1204_141811/*.WFSX': No such file or directory
cp: cannot stat `/scratch/works/class/siesta_1204_141811/*.HSX': No such file or directory
cp: cannot stat `/scratch/works/class/siesta_1204_141811/*.TSHS': No such file or directory
cp: cannot stat `/scratch/works/class/siesta_1204_141811/*.AVTRANS': No such file or directory
cp: cannot stat `/scratch/works/class/siesta_1204_141811/*.ANI': No such file or directory
