mkdir: cannot create directory `/scratch/works/class': Permission denied
cp: target `/scratch/works/class/siesta_1210_231153/' is not a directory
cp: target `/scratch/works/class/siesta_1210_231153/' is not a directory
cp: cannot create regular file `/scratch/works/class/siesta_1210_231153/': No such file or directory
/PBS/mom_priv/jobs/78125.master.hpc.SC: line 74: cd: /scratch/works/class/siesta_1210_231153: No such file or directory
cp: cannot stat `/scratch/works/class/siesta_1210_231153/stdout.txt': No such file or directory
cp: cannot stat `/scratch/works/class/siesta_1210_231153/*.xyz': No such file or directory
cp: cannot stat `/scratch/works/class/siesta_1210_231153/*.EIG': No such file or directory
cp: cannot stat `/scratch/works/class/siesta_1210_231153/*.DM': No such file or directory
cp: cannot stat `/scratch/works/class/siesta_1210_231153/*.DOS': No such file or directory
cp: cannot stat `/scratch/works/class/siesta_1210_231153/*.PDOS': No such file or directory
cp: cannot stat `/scratch/works/class/siesta_1210_231153/*.LDOS': No such file or directory
cp: cannot stat `/scratch/works/class/siesta_1210_231153/*.XV': No such file or directory
cp: cannot stat `/scratch/works/class/siesta_1210_231153/*.RHO': No such file or directory
cp: cannot stat `/scratch/works/class/siesta_1210_231153/*.VH': No such file or directory
cp: cannot stat `/scratch/works/class/siesta_1210_231153/*.bands': No such file or directory
cp: cannot stat `/scratch/works/class/siesta_1210_231153/*.WFSX': No such file or directory
cp: cannot stat `/scratch/works/class/siesta_1210_231153/*.HSX': No such file or directory
cp: cannot stat `/scratch/works/class/siesta_1210_231153/*.TSHS': No such file or directory
cp: cannot stat `/scratch/works/class/siesta_1210_231153/*.AVTRANS': No such file or directory
cp: cannot stat `/scratch/works/class/siesta_1210_231153/*.ANI': No such file or directory
