mkdir: cannot create directory `/scratch/works/class': Permission denied
cp: target `/scratch/works/class/siesta_1130_210502/' is not a directory
cp: target `/scratch/works/class/siesta_1130_210502/' is not a directory
cp: cannot stat `/home/class/GB/151124_graphene_6x6_doping/B_doped_09_311111117/*.DM': No such file or directory
/PBS/mom_priv/jobs/77038.master.hpc.SC: line 74: cd: /scratch/works/class/siesta_1130_210502: No such file or directory
cp: cannot stat `/scratch/works/class/siesta_1130_210502/stdout.txt': No such file or directory
cp: cannot stat `/scratch/works/class/siesta_1130_210502/*.xyz': No such file or directory
cp: cannot stat `/scratch/works/class/siesta_1130_210502/*.EIG': No such file or directory
cp: cannot stat `/scratch/works/class/siesta_1130_210502/*.DM': No such file or directory
cp: cannot stat `/scratch/works/class/siesta_1130_210502/*.DOS': No such file or directory
cp: cannot stat `/scratch/works/class/siesta_1130_210502/*.PDOS': No such file or directory
cp: cannot stat `/scratch/works/class/siesta_1130_210502/*.LDOS': No such file or directory
cp: cannot stat `/scratch/works/class/siesta_1130_210502/*.XV': No such file or directory
cp: cannot stat `/scratch/works/class/siesta_1130_210502/*.RHO': No such file or directory
cp: cannot stat `/scratch/works/class/siesta_1130_210502/*.VH': No such file or directory
cp: cannot stat `/scratch/works/class/siesta_1130_210502/*.bands': No such file or directory
cp: cannot stat `/scratch/works/class/siesta_1130_210502/*.WFSX': No such file or directory
cp: cannot stat `/scratch/works/class/siesta_1130_210502/*.HSX': No such file or directory
cp: cannot stat `/scratch/works/class/siesta_1130_210502/*.TSHS': No such file or directory
cp: cannot stat `/scratch/works/class/siesta_1130_210502/*.AVTRANS': No such file or directory
cp: cannot stat `/scratch/works/class/siesta_1130_210502/*.ANI': No such file or directory
