mkdir: cannot create directory `/scratch/works/class': Permission denied
cp: target `/scratch/works/class/siesta_1128_024002/' is not a directory
cp: target `/scratch/works/class/siesta_1128_024002/' is not a directory
cp: cannot stat `/home/class/GB/151124_graphene_6x6_doping/B_doped_09_231111111/*.DM': No such file or directory
/PBS/mom_priv/jobs/76821.master.hpc.SC: line 74: cd: /scratch/works/class/siesta_1128_024002: No such file or directory
cp: cannot stat `/scratch/works/class/siesta_1128_024002/stdout.txt': No such file or directory
cp: cannot stat `/scratch/works/class/siesta_1128_024002/*.xyz': No such file or directory
cp: cannot stat `/scratch/works/class/siesta_1128_024002/*.EIG': No such file or directory
cp: cannot stat `/scratch/works/class/siesta_1128_024002/*.DM': No such file or directory
cp: cannot stat `/scratch/works/class/siesta_1128_024002/*.DOS': No such file or directory
cp: cannot stat `/scratch/works/class/siesta_1128_024002/*.PDOS': No such file or directory
cp: cannot stat `/scratch/works/class/siesta_1128_024002/*.LDOS': No such file or directory
cp: cannot stat `/scratch/works/class/siesta_1128_024002/*.XV': No such file or directory
cp: cannot stat `/scratch/works/class/siesta_1128_024002/*.RHO': No such file or directory
cp: cannot stat `/scratch/works/class/siesta_1128_024002/*.VH': No such file or directory
cp: cannot stat `/scratch/works/class/siesta_1128_024002/*.bands': No such file or directory
cp: cannot stat `/scratch/works/class/siesta_1128_024002/*.WFSX': No such file or directory
cp: cannot stat `/scratch/works/class/siesta_1128_024002/*.HSX': No such file or directory
cp: cannot stat `/scratch/works/class/siesta_1128_024002/*.TSHS': No such file or directory
cp: cannot stat `/scratch/works/class/siesta_1128_024002/*.AVTRANS': No such file or directory
cp: cannot stat `/scratch/works/class/siesta_1128_024002/*.ANI': No such file or directory
