mkdir: cannot create directory `/scratch/works/class': Permission denied
cp: target `/scratch/works/class/siesta_1129_062211/' is not a directory
cp: target `/scratch/works/class/siesta_1129_062211/' is not a directory
cp: cannot create regular file `/scratch/works/class/siesta_1129_062211/': No such file or directory
/PBS/mom_priv/jobs/76891.master.hpc.SC: line 74: cd: /scratch/works/class/siesta_1129_062211: No such file or directory
cp: cannot stat `/scratch/works/class/siesta_1129_062211/stdout.txt': No such file or directory
cp: cannot stat `/scratch/works/class/siesta_1129_062211/*.xyz': No such file or directory
cp: cannot stat `/scratch/works/class/siesta_1129_062211/*.EIG': No such file or directory
cp: cannot stat `/scratch/works/class/siesta_1129_062211/*.DM': No such file or directory
cp: cannot stat `/scratch/works/class/siesta_1129_062211/*.DOS': No such file or directory
cp: cannot stat `/scratch/works/class/siesta_1129_062211/*.PDOS': No such file or directory
cp: cannot stat `/scratch/works/class/siesta_1129_062211/*.LDOS': No such file or directory
cp: cannot stat `/scratch/works/class/siesta_1129_062211/*.XV': No such file or directory
cp: cannot stat `/scratch/works/class/siesta_1129_062211/*.RHO': No such file or directory
cp: cannot stat `/scratch/works/class/siesta_1129_062211/*.VH': No such file or directory
cp: cannot stat `/scratch/works/class/siesta_1129_062211/*.bands': No such file or directory
cp: cannot stat `/scratch/works/class/siesta_1129_062211/*.WFSX': No such file or directory
cp: cannot stat `/scratch/works/class/siesta_1129_062211/*.HSX': No such file or directory
cp: cannot stat `/scratch/works/class/siesta_1129_062211/*.TSHS': No such file or directory
cp: cannot stat `/scratch/works/class/siesta_1129_062211/*.AVTRANS': No such file or directory
cp: cannot stat `/scratch/works/class/siesta_1129_062211/*.ANI': No such file or directory
