mkdir: cannot create directory `/scratch/works/class': Permission denied
cp: target `/scratch/works/class/siesta_1128_131923/' is not a directory
cp: target `/scratch/works/class/siesta_1128_131923/' is not a directory
cp: cannot stat `/home/class/GB/151124_graphene_6x6_doping/B_doped_09_271111111/*.DM': No such file or directory
/PBS/mom_priv/jobs/76826.master.hpc.SC: line 74: cd: /scratch/works/class/siesta_1128_131923: No such file or directory
cp: cannot stat `/scratch/works/class/siesta_1128_131923/stdout.txt': No such file or directory
cp: cannot stat `/scratch/works/class/siesta_1128_131923/*.xyz': No such file or directory
cp: cannot stat `/scratch/works/class/siesta_1128_131923/*.EIG': No such file or directory
cp: cannot stat `/scratch/works/class/siesta_1128_131923/*.DM': No such file or directory
cp: cannot stat `/scratch/works/class/siesta_1128_131923/*.DOS': No such file or directory
cp: cannot stat `/scratch/works/class/siesta_1128_131923/*.PDOS': No such file or directory
cp: cannot stat `/scratch/works/class/siesta_1128_131923/*.LDOS': No such file or directory
cp: cannot stat `/scratch/works/class/siesta_1128_131923/*.XV': No such file or directory
cp: cannot stat `/scratch/works/class/siesta_1128_131923/*.RHO': No such file or directory
cp: cannot stat `/scratch/works/class/siesta_1128_131923/*.VH': No such file or directory
cp: cannot stat `/scratch/works/class/siesta_1128_131923/*.bands': No such file or directory
cp: cannot stat `/scratch/works/class/siesta_1128_131923/*.WFSX': No such file or directory
cp: cannot stat `/scratch/works/class/siesta_1128_131923/*.HSX': No such file or directory
cp: cannot stat `/scratch/works/class/siesta_1128_131923/*.TSHS': No such file or directory
cp: cannot stat `/scratch/works/class/siesta_1128_131923/*.AVTRANS': No such file or directory
cp: cannot stat `/scratch/works/class/siesta_1128_131923/*.ANI': No such file or directory
