mkdir: cannot create directory `/scratch/works/class': Permission denied
cp: target `/scratch/works/class/siesta_1208_143005/' is not a directory
cp: target `/scratch/works/class/siesta_1208_143005/' is not a directory
cp: cannot create regular file `/scratch/works/class/siesta_1208_143005/': No such file or directory
/PBS/mom_priv/jobs/77853.master.hpc.SC: line 74: cd: /scratch/works/class/siesta_1208_143005: No such file or directory
cp: cannot stat `/scratch/works/class/siesta_1208_143005/stdout.txt': No such file or directory
cp: cannot stat `/scratch/works/class/siesta_1208_143005/*.xyz': No such file or directory
cp: cannot stat `/scratch/works/class/siesta_1208_143005/*.EIG': No such file or directory
cp: cannot stat `/scratch/works/class/siesta_1208_143005/*.DM': No such file or directory
cp: cannot stat `/scratch/works/class/siesta_1208_143005/*.DOS': No such file or directory
cp: cannot stat `/scratch/works/class/siesta_1208_143005/*.PDOS': No such file or directory
cp: cannot stat `/scratch/works/class/siesta_1208_143005/*.LDOS': No such file or directory
cp: cannot stat `/scratch/works/class/siesta_1208_143005/*.XV': No such file or directory
cp: cannot stat `/scratch/works/class/siesta_1208_143005/*.RHO': No such file or directory
cp: cannot stat `/scratch/works/class/siesta_1208_143005/*.VH': No such file or directory
cp: cannot stat `/scratch/works/class/siesta_1208_143005/*.bands': No such file or directory
cp: cannot stat `/scratch/works/class/siesta_1208_143005/*.WFSX': No such file or directory
cp: cannot stat `/scratch/works/class/siesta_1208_143005/*.HSX': No such file or directory
cp: cannot stat `/scratch/works/class/siesta_1208_143005/*.TSHS': No such file or directory
cp: cannot stat `/scratch/works/class/siesta_1208_143005/*.AVTRANS': No such file or directory
cp: cannot stat `/scratch/works/class/siesta_1208_143005/*.ANI': No such file or directory
