mkdir: cannot create directory `/scratch/works/class': Permission denied
cp: target `/scratch/works/class/siesta_1208_150215/' is not a directory
cp: target `/scratch/works/class/siesta_1208_150215/' is not a directory
cp: cannot create regular file `/scratch/works/class/siesta_1208_150215/': No such file or directory
/PBS/mom_priv/jobs/77861.master.hpc.SC: line 74: cd: /scratch/works/class/siesta_1208_150215: No such file or directory
cp: cannot stat `/scratch/works/class/siesta_1208_150215/stdout.txt': No such file or directory
cp: cannot stat `/scratch/works/class/siesta_1208_150215/*.xyz': No such file or directory
cp: cannot stat `/scratch/works/class/siesta_1208_150215/*.EIG': No such file or directory
cp: cannot stat `/scratch/works/class/siesta_1208_150215/*.DM': No such file or directory
cp: cannot stat `/scratch/works/class/siesta_1208_150215/*.DOS': No such file or directory
cp: cannot stat `/scratch/works/class/siesta_1208_150215/*.PDOS': No such file or directory
cp: cannot stat `/scratch/works/class/siesta_1208_150215/*.LDOS': No such file or directory
cp: cannot stat `/scratch/works/class/siesta_1208_150215/*.XV': No such file or directory
cp: cannot stat `/scratch/works/class/siesta_1208_150215/*.RHO': No such file or directory
cp: cannot stat `/scratch/works/class/siesta_1208_150215/*.VH': No such file or directory
cp: cannot stat `/scratch/works/class/siesta_1208_150215/*.bands': No such file or directory
cp: cannot stat `/scratch/works/class/siesta_1208_150215/*.WFSX': No such file or directory
cp: cannot stat `/scratch/works/class/siesta_1208_150215/*.HSX': No such file or directory
cp: cannot stat `/scratch/works/class/siesta_1208_150215/*.TSHS': No such file or directory
cp: cannot stat `/scratch/works/class/siesta_1208_150215/*.AVTRANS': No such file or directory
cp: cannot stat `/scratch/works/class/siesta_1208_150215/*.ANI': No such file or directory
