mkdir: cannot create directory `/scratch/works/class': Permission denied
cp: target `/scratch/works/class/siesta_1130_204216/' is not a directory
cp: target `/scratch/works/class/siesta_1130_204216/' is not a directory
cp: cannot stat `/home/class/GB/151124_graphene_6x6_doping/B_doped_09_381111111/*.DM': No such file or directory
/PBS/mom_priv/jobs/77026.master.hpc.SC: line 74: cd: /scratch/works/class/siesta_1130_204216: No such file or directory
cp: cannot stat `/scratch/works/class/siesta_1130_204216/stdout.txt': No such file or directory
cp: cannot stat `/scratch/works/class/siesta_1130_204216/*.xyz': No such file or directory
cp: cannot stat `/scratch/works/class/siesta_1130_204216/*.EIG': No such file or directory
cp: cannot stat `/scratch/works/class/siesta_1130_204216/*.DM': No such file or directory
cp: cannot stat `/scratch/works/class/siesta_1130_204216/*.DOS': No such file or directory
cp: cannot stat `/scratch/works/class/siesta_1130_204216/*.PDOS': No such file or directory
cp: cannot stat `/scratch/works/class/siesta_1130_204216/*.LDOS': No such file or directory
cp: cannot stat `/scratch/works/class/siesta_1130_204216/*.XV': No such file or directory
cp: cannot stat `/scratch/works/class/siesta_1130_204216/*.RHO': No such file or directory
cp: cannot stat `/scratch/works/class/siesta_1130_204216/*.VH': No such file or directory
cp: cannot stat `/scratch/works/class/siesta_1130_204216/*.bands': No such file or directory
cp: cannot stat `/scratch/works/class/siesta_1130_204216/*.WFSX': No such file or directory
cp: cannot stat `/scratch/works/class/siesta_1130_204216/*.HSX': No such file or directory
cp: cannot stat `/scratch/works/class/siesta_1130_204216/*.TSHS': No such file or directory
cp: cannot stat `/scratch/works/class/siesta_1130_204216/*.AVTRANS': No such file or directory
cp: cannot stat `/scratch/works/class/siesta_1130_204216/*.ANI': No such file or directory
