mkdir: cannot create directory `/scratch/works/class': Permission denied
cp: target `/scratch/works/class/siesta_1205_041333/' is not a directory
cp: target `/scratch/works/class/siesta_1205_041333/' is not a directory
cp: cannot stat `/home/class/GB/151124_graphene_6x6_doping/N_doped_27_134/*.DM': No such file or directory
/PBS/mom_priv/jobs/77438.master.hpc.SC: line 74: cd: /scratch/works/class/siesta_1205_041333: No such file or directory
cp: cannot stat `/scratch/works/class/siesta_1205_041333/stdout.txt': No such file or directory
cp: cannot stat `/scratch/works/class/siesta_1205_041333/*.xyz': No such file or directory
cp: cannot stat `/scratch/works/class/siesta_1205_041333/*.EIG': No such file or directory
cp: cannot stat `/scratch/works/class/siesta_1205_041333/*.DM': No such file or directory
cp: cannot stat `/scratch/works/class/siesta_1205_041333/*.DOS': No such file or directory
cp: cannot stat `/scratch/works/class/siesta_1205_041333/*.PDOS': No such file or directory
cp: cannot stat `/scratch/works/class/siesta_1205_041333/*.LDOS': No such file or directory
cp: cannot stat `/scratch/works/class/siesta_1205_041333/*.XV': No such file or directory
cp: cannot stat `/scratch/works/class/siesta_1205_041333/*.RHO': No such file or directory
cp: cannot stat `/scratch/works/class/siesta_1205_041333/*.VH': No such file or directory
cp: cannot stat `/scratch/works/class/siesta_1205_041333/*.bands': No such file or directory
cp: cannot stat `/scratch/works/class/siesta_1205_041333/*.WFSX': No such file or directory
cp: cannot stat `/scratch/works/class/siesta_1205_041333/*.HSX': No such file or directory
cp: cannot stat `/scratch/works/class/siesta_1205_041333/*.TSHS': No such file or directory
cp: cannot stat `/scratch/works/class/siesta_1205_041333/*.AVTRANS': No such file or directory
cp: cannot stat `/scratch/works/class/siesta_1205_041333/*.ANI': No such file or directory
