mkdir: cannot create directory `/scratch/works/class': Permission denied
cp: target `/scratch/works/class/siesta_1129_063643/' is not a directory
cp: target `/scratch/works/class/siesta_1129_063643/' is not a directory
cp: cannot create regular file `/scratch/works/class/siesta_1129_063643/': No such file or directory
/PBS/mom_priv/jobs/76894.master.hpc.SC: line 74: cd: /scratch/works/class/siesta_1129_063643: No such file or directory
cp: cannot stat `/scratch/works/class/siesta_1129_063643/stdout.txt': No such file or directory
cp: cannot stat `/scratch/works/class/siesta_1129_063643/*.xyz': No such file or directory
cp: cannot stat `/scratch/works/class/siesta_1129_063643/*.EIG': No such file or directory
cp: cannot stat `/scratch/works/class/siesta_1129_063643/*.DM': No such file or directory
cp: cannot stat `/scratch/works/class/siesta_1129_063643/*.DOS': No such file or directory
cp: cannot stat `/scratch/works/class/siesta_1129_063643/*.PDOS': No such file or directory
cp: cannot stat `/scratch/works/class/siesta_1129_063643/*.LDOS': No such file or directory
cp: cannot stat `/scratch/works/class/siesta_1129_063643/*.XV': No such file or directory
cp: cannot stat `/scratch/works/class/siesta_1129_063643/*.RHO': No such file or directory
cp: cannot stat `/scratch/works/class/siesta_1129_063643/*.VH': No such file or directory
cp: cannot stat `/scratch/works/class/siesta_1129_063643/*.bands': No such file or directory
cp: cannot stat `/scratch/works/class/siesta_1129_063643/*.WFSX': No such file or directory
cp: cannot stat `/scratch/works/class/siesta_1129_063643/*.HSX': No such file or directory
cp: cannot stat `/scratch/works/class/siesta_1129_063643/*.TSHS': No such file or directory
cp: cannot stat `/scratch/works/class/siesta_1129_063643/*.AVTRANS': No such file or directory
cp: cannot stat `/scratch/works/class/siesta_1129_063643/*.ANI': No such file or directory
