mkdir: cannot create directory `/scratch/works/class': Permission denied
cp: target `/scratch/works/class/siesta_1128_191313/' is not a directory
cp: target `/scratch/works/class/siesta_1128_191313/' is not a directory
cp: cannot create regular file `/scratch/works/class/siesta_1128_191313/': No such file or directory
/PBS/mom_priv/jobs/76871.master.hpc.SC: line 74: cd: /scratch/works/class/siesta_1128_191313: No such file or directory
cp: cannot stat `/scratch/works/class/siesta_1128_191313/stdout.txt': No such file or directory
cp: cannot stat `/scratch/works/class/siesta_1128_191313/*.xyz': No such file or directory
cp: cannot stat `/scratch/works/class/siesta_1128_191313/*.EIG': No such file or directory
cp: cannot stat `/scratch/works/class/siesta_1128_191313/*.DM': No such file or directory
cp: cannot stat `/scratch/works/class/siesta_1128_191313/*.DOS': No such file or directory
cp: cannot stat `/scratch/works/class/siesta_1128_191313/*.PDOS': No such file or directory
cp: cannot stat `/scratch/works/class/siesta_1128_191313/*.LDOS': No such file or directory
cp: cannot stat `/scratch/works/class/siesta_1128_191313/*.XV': No such file or directory
cp: cannot stat `/scratch/works/class/siesta_1128_191313/*.RHO': No such file or directory
cp: cannot stat `/scratch/works/class/siesta_1128_191313/*.VH': No such file or directory
cp: cannot stat `/scratch/works/class/siesta_1128_191313/*.bands': No such file or directory
cp: cannot stat `/scratch/works/class/siesta_1128_191313/*.WFSX': No such file or directory
cp: cannot stat `/scratch/works/class/siesta_1128_191313/*.HSX': No such file or directory
cp: cannot stat `/scratch/works/class/siesta_1128_191313/*.TSHS': No such file or directory
cp: cannot stat `/scratch/works/class/siesta_1128_191313/*.AVTRANS': No such file or directory
cp: cannot stat `/scratch/works/class/siesta_1128_191313/*.ANI': No such file or directory
