mkdir: cannot create directory `/scratch/works/class': Permission denied
cp: target `/scratch/works/class/siesta_1203_162643/' is not a directory
cp: target `/scratch/works/class/siesta_1203_162643/' is not a directory
cp: cannot stat `/home/class/GB/151124_graphene_6x6_doping/B_doped_18_151515151515151515/*.DM': No such file or directory
/PBS/mom_priv/jobs/77256.master.hpc.SC: line 74: cd: /scratch/works/class/siesta_1203_162643: No such file or directory
cp: cannot stat `/scratch/works/class/siesta_1203_162643/stdout.txt': No such file or directory
cp: cannot stat `/scratch/works/class/siesta_1203_162643/*.xyz': No such file or directory
cp: cannot stat `/scratch/works/class/siesta_1203_162643/*.EIG': No such file or directory
cp: cannot stat `/scratch/works/class/siesta_1203_162643/*.DM': No such file or directory
cp: cannot stat `/scratch/works/class/siesta_1203_162643/*.DOS': No such file or directory
cp: cannot stat `/scratch/works/class/siesta_1203_162643/*.PDOS': No such file or directory
cp: cannot stat `/scratch/works/class/siesta_1203_162643/*.LDOS': No such file or directory
cp: cannot stat `/scratch/works/class/siesta_1203_162643/*.XV': No such file or directory
cp: cannot stat `/scratch/works/class/siesta_1203_162643/*.RHO': No such file or directory
cp: cannot stat `/scratch/works/class/siesta_1203_162643/*.VH': No such file or directory
cp: cannot stat `/scratch/works/class/siesta_1203_162643/*.bands': No such file or directory
cp: cannot stat `/scratch/works/class/siesta_1203_162643/*.WFSX': No such file or directory
cp: cannot stat `/scratch/works/class/siesta_1203_162643/*.HSX': No such file or directory
cp: cannot stat `/scratch/works/class/siesta_1203_162643/*.TSHS': No such file or directory
cp: cannot stat `/scratch/works/class/siesta_1203_162643/*.AVTRANS': No such file or directory
cp: cannot stat `/scratch/works/class/siesta_1203_162643/*.ANI': No such file or directory
