mkdir: cannot create directory `/scratch/works/class': Permission denied
cp: target `/scratch/works/class/siesta_1128_080004/' is not a directory
cp: target `/scratch/works/class/siesta_1128_080004/' is not a directory
cp: cannot stat `/home/class/GB/151124_graphene_6x6_doping/B_doped_09_251111111/*.DM': No such file or directory
/PBS/mom_priv/jobs/76823.master.hpc.SC: line 74: cd: /scratch/works/class/siesta_1128_080004: No such file or directory
cp: cannot stat `/scratch/works/class/siesta_1128_080004/stdout.txt': No such file or directory
cp: cannot stat `/scratch/works/class/siesta_1128_080004/*.xyz': No such file or directory
cp: cannot stat `/scratch/works/class/siesta_1128_080004/*.EIG': No such file or directory
cp: cannot stat `/scratch/works/class/siesta_1128_080004/*.DM': No such file or directory
cp: cannot stat `/scratch/works/class/siesta_1128_080004/*.DOS': No such file or directory
cp: cannot stat `/scratch/works/class/siesta_1128_080004/*.PDOS': No such file or directory
cp: cannot stat `/scratch/works/class/siesta_1128_080004/*.LDOS': No such file or directory
cp: cannot stat `/scratch/works/class/siesta_1128_080004/*.XV': No such file or directory
cp: cannot stat `/scratch/works/class/siesta_1128_080004/*.RHO': No such file or directory
cp: cannot stat `/scratch/works/class/siesta_1128_080004/*.VH': No such file or directory
cp: cannot stat `/scratch/works/class/siesta_1128_080004/*.bands': No such file or directory
cp: cannot stat `/scratch/works/class/siesta_1128_080004/*.WFSX': No such file or directory
cp: cannot stat `/scratch/works/class/siesta_1128_080004/*.HSX': No such file or directory
cp: cannot stat `/scratch/works/class/siesta_1128_080004/*.TSHS': No such file or directory
cp: cannot stat `/scratch/works/class/siesta_1128_080004/*.AVTRANS': No such file or directory
cp: cannot stat `/scratch/works/class/siesta_1128_080004/*.ANI': No such file or directory
