mkdir: cannot create directory `/scratch/works/class': Permission denied
cp: target `/scratch/works/class/siesta_1129_075557/' is not a directory
cp: target `/scratch/works/class/siesta_1129_075557/' is not a directory
cp: cannot create regular file `/scratch/works/class/siesta_1129_075557/': No such file or directory
/PBS/mom_priv/jobs/76897.master.hpc.SC: line 74: cd: /scratch/works/class/siesta_1129_075557: No such file or directory
cp: cannot stat `/scratch/works/class/siesta_1129_075557/stdout.txt': No such file or directory
cp: cannot stat `/scratch/works/class/siesta_1129_075557/*.xyz': No such file or directory
cp: cannot stat `/scratch/works/class/siesta_1129_075557/*.EIG': No such file or directory
cp: cannot stat `/scratch/works/class/siesta_1129_075557/*.DM': No such file or directory
cp: cannot stat `/scratch/works/class/siesta_1129_075557/*.DOS': No such file or directory
cp: cannot stat `/scratch/works/class/siesta_1129_075557/*.PDOS': No such file or directory
cp: cannot stat `/scratch/works/class/siesta_1129_075557/*.LDOS': No such file or directory
cp: cannot stat `/scratch/works/class/siesta_1129_075557/*.XV': No such file or directory
cp: cannot stat `/scratch/works/class/siesta_1129_075557/*.RHO': No such file or directory
cp: cannot stat `/scratch/works/class/siesta_1129_075557/*.VH': No such file or directory
cp: cannot stat `/scratch/works/class/siesta_1129_075557/*.bands': No such file or directory
cp: cannot stat `/scratch/works/class/siesta_1129_075557/*.WFSX': No such file or directory
cp: cannot stat `/scratch/works/class/siesta_1129_075557/*.HSX': No such file or directory
cp: cannot stat `/scratch/works/class/siesta_1129_075557/*.TSHS': No such file or directory
cp: cannot stat `/scratch/works/class/siesta_1129_075557/*.AVTRANS': No such file or directory
cp: cannot stat `/scratch/works/class/siesta_1129_075557/*.ANI': No such file or directory
