mkdir: cannot create directory `/scratch/works/class': Permission denied
cp: target `/scratch/works/class/siesta_1210_235932/' is not a directory
cp: target `/scratch/works/class/siesta_1210_235932/' is not a directory
cp: cannot create regular file `/scratch/works/class/siesta_1210_235932/': No such file or directory
/PBS/mom_priv/jobs/78128.master.hpc.SC: line 74: cd: /scratch/works/class/siesta_1210_235932: No such file or directory
cp: cannot stat `/scratch/works/class/siesta_1210_235932/stdout.txt': No such file or directory
cp: cannot stat `/scratch/works/class/siesta_1210_235932/*.xyz': No such file or directory
cp: cannot stat `/scratch/works/class/siesta_1210_235932/*.EIG': No such file or directory
cp: cannot stat `/scratch/works/class/siesta_1210_235932/*.DM': No such file or directory
cp: cannot stat `/scratch/works/class/siesta_1210_235932/*.DOS': No such file or directory
cp: cannot stat `/scratch/works/class/siesta_1210_235932/*.PDOS': No such file or directory
cp: cannot stat `/scratch/works/class/siesta_1210_235932/*.LDOS': No such file or directory
cp: cannot stat `/scratch/works/class/siesta_1210_235932/*.XV': No such file or directory
cp: cannot stat `/scratch/works/class/siesta_1210_235932/*.RHO': No such file or directory
cp: cannot stat `/scratch/works/class/siesta_1210_235932/*.VH': No such file or directory
cp: cannot stat `/scratch/works/class/siesta_1210_235932/*.bands': No such file or directory
cp: cannot stat `/scratch/works/class/siesta_1210_235932/*.WFSX': No such file or directory
cp: cannot stat `/scratch/works/class/siesta_1210_235932/*.HSX': No such file or directory
cp: cannot stat `/scratch/works/class/siesta_1210_235932/*.TSHS': No such file or directory
cp: cannot stat `/scratch/works/class/siesta_1210_235932/*.AVTRANS': No such file or directory
cp: cannot stat `/scratch/works/class/siesta_1210_235932/*.ANI': No such file or directory
