mkdir: cannot create directory `/scratch/works/class': Permission denied
cp: target `/scratch/works/class/siesta_1210_224000/' is not a directory
cp: target `/scratch/works/class/siesta_1210_224000/' is not a directory
cp: cannot create regular file `/scratch/works/class/siesta_1210_224000/': No such file or directory
/PBS/mom_priv/jobs/78123.master.hpc.SC: line 74: cd: /scratch/works/class/siesta_1210_224000: No such file or directory
cp: cannot stat `/scratch/works/class/siesta_1210_224000/stdout.txt': No such file or directory
cp: cannot stat `/scratch/works/class/siesta_1210_224000/*.xyz': No such file or directory
cp: cannot stat `/scratch/works/class/siesta_1210_224000/*.EIG': No such file or directory
cp: cannot stat `/scratch/works/class/siesta_1210_224000/*.DM': No such file or directory
cp: cannot stat `/scratch/works/class/siesta_1210_224000/*.DOS': No such file or directory
cp: cannot stat `/scratch/works/class/siesta_1210_224000/*.PDOS': No such file or directory
cp: cannot stat `/scratch/works/class/siesta_1210_224000/*.LDOS': No such file or directory
cp: cannot stat `/scratch/works/class/siesta_1210_224000/*.XV': No such file or directory
cp: cannot stat `/scratch/works/class/siesta_1210_224000/*.RHO': No such file or directory
cp: cannot stat `/scratch/works/class/siesta_1210_224000/*.VH': No such file or directory
cp: cannot stat `/scratch/works/class/siesta_1210_224000/*.bands': No such file or directory
cp: cannot stat `/scratch/works/class/siesta_1210_224000/*.WFSX': No such file or directory
cp: cannot stat `/scratch/works/class/siesta_1210_224000/*.HSX': No such file or directory
cp: cannot stat `/scratch/works/class/siesta_1210_224000/*.TSHS': No such file or directory
cp: cannot stat `/scratch/works/class/siesta_1210_224000/*.AVTRANS': No such file or directory
cp: cannot stat `/scratch/works/class/siesta_1210_224000/*.ANI': No such file or directory
