mkdir: cannot create directory `/scratch/works/class': Permission denied
cp: target `/scratch/works/class/siesta_1208_144609/' is not a directory
cp: target `/scratch/works/class/siesta_1208_144609/' is not a directory
cp: cannot create regular file `/scratch/works/class/siesta_1208_144609/': No such file or directory
/PBS/mom_priv/jobs/77857.master.hpc.SC: line 74: cd: /scratch/works/class/siesta_1208_144609: No such file or directory
cp: cannot stat `/scratch/works/class/siesta_1208_144609/stdout.txt': No such file or directory
cp: cannot stat `/scratch/works/class/siesta_1208_144609/*.xyz': No such file or directory
cp: cannot stat `/scratch/works/class/siesta_1208_144609/*.EIG': No such file or directory
cp: cannot stat `/scratch/works/class/siesta_1208_144609/*.DM': No such file or directory
cp: cannot stat `/scratch/works/class/siesta_1208_144609/*.DOS': No such file or directory
cp: cannot stat `/scratch/works/class/siesta_1208_144609/*.PDOS': No such file or directory
cp: cannot stat `/scratch/works/class/siesta_1208_144609/*.LDOS': No such file or directory
cp: cannot stat `/scratch/works/class/siesta_1208_144609/*.XV': No such file or directory
cp: cannot stat `/scratch/works/class/siesta_1208_144609/*.RHO': No such file or directory
cp: cannot stat `/scratch/works/class/siesta_1208_144609/*.VH': No such file or directory
cp: cannot stat `/scratch/works/class/siesta_1208_144609/*.bands': No such file or directory
cp: cannot stat `/scratch/works/class/siesta_1208_144609/*.WFSX': No such file or directory
cp: cannot stat `/scratch/works/class/siesta_1208_144609/*.HSX': No such file or directory
cp: cannot stat `/scratch/works/class/siesta_1208_144609/*.TSHS': No such file or directory
cp: cannot stat `/scratch/works/class/siesta_1208_144609/*.AVTRANS': No such file or directory
cp: cannot stat `/scratch/works/class/siesta_1208_144609/*.ANI': No such file or directory
