mkdir: cannot create directory `/scratch/works/class': Permission denied
cp: target `/scratch/works/class/siesta_1210_232747/' is not a directory
cp: target `/scratch/works/class/siesta_1210_232747/' is not a directory
cp: cannot create regular file `/scratch/works/class/siesta_1210_232747/': No such file or directory
/PBS/mom_priv/jobs/78126.master.hpc.SC: line 74: cd: /scratch/works/class/siesta_1210_232747: No such file or directory
cp: cannot stat `/scratch/works/class/siesta_1210_232747/stdout.txt': No such file or directory
cp: cannot stat `/scratch/works/class/siesta_1210_232747/*.xyz': No such file or directory
cp: cannot stat `/scratch/works/class/siesta_1210_232747/*.EIG': No such file or directory
cp: cannot stat `/scratch/works/class/siesta_1210_232747/*.DM': No such file or directory
cp: cannot stat `/scratch/works/class/siesta_1210_232747/*.DOS': No such file or directory
cp: cannot stat `/scratch/works/class/siesta_1210_232747/*.PDOS': No such file or directory
cp: cannot stat `/scratch/works/class/siesta_1210_232747/*.LDOS': No such file or directory
cp: cannot stat `/scratch/works/class/siesta_1210_232747/*.XV': No such file or directory
cp: cannot stat `/scratch/works/class/siesta_1210_232747/*.RHO': No such file or directory
cp: cannot stat `/scratch/works/class/siesta_1210_232747/*.VH': No such file or directory
cp: cannot stat `/scratch/works/class/siesta_1210_232747/*.bands': No such file or directory
cp: cannot stat `/scratch/works/class/siesta_1210_232747/*.WFSX': No such file or directory
cp: cannot stat `/scratch/works/class/siesta_1210_232747/*.HSX': No such file or directory
cp: cannot stat `/scratch/works/class/siesta_1210_232747/*.TSHS': No such file or directory
cp: cannot stat `/scratch/works/class/siesta_1210_232747/*.AVTRANS': No such file or directory
cp: cannot stat `/scratch/works/class/siesta_1210_232747/*.ANI': No such file or directory
