mkdir: cannot create directory `/scratch/works/class': Permission denied
cp: target `/scratch/works/class/siesta_1206_085432/' is not a directory
cp: target `/scratch/works/class/siesta_1206_085432/' is not a directory
cp: cannot create regular file `/scratch/works/class/siesta_1206_085432/': No such file or directory
/PBS/mom_priv/jobs/77558.master.hpc.SC: line 74: cd: /scratch/works/class/siesta_1206_085432: No such file or directory
cp: cannot stat `/scratch/works/class/siesta_1206_085432/stdout.txt': No such file or directory
cp: cannot stat `/scratch/works/class/siesta_1206_085432/*.xyz': No such file or directory
cp: cannot stat `/scratch/works/class/siesta_1206_085432/*.EIG': No such file or directory
cp: cannot stat `/scratch/works/class/siesta_1206_085432/*.DM': No such file or directory
cp: cannot stat `/scratch/works/class/siesta_1206_085432/*.DOS': No such file or directory
cp: cannot stat `/scratch/works/class/siesta_1206_085432/*.PDOS': No such file or directory
cp: cannot stat `/scratch/works/class/siesta_1206_085432/*.LDOS': No such file or directory
cp: cannot stat `/scratch/works/class/siesta_1206_085432/*.XV': No such file or directory
cp: cannot stat `/scratch/works/class/siesta_1206_085432/*.RHO': No such file or directory
cp: cannot stat `/scratch/works/class/siesta_1206_085432/*.VH': No such file or directory
cp: cannot stat `/scratch/works/class/siesta_1206_085432/*.bands': No such file or directory
cp: cannot stat `/scratch/works/class/siesta_1206_085432/*.WFSX': No such file or directory
cp: cannot stat `/scratch/works/class/siesta_1206_085432/*.HSX': No such file or directory
cp: cannot stat `/scratch/works/class/siesta_1206_085432/*.TSHS': No such file or directory
cp: cannot stat `/scratch/works/class/siesta_1206_085432/*.AVTRANS': No such file or directory
cp: cannot stat `/scratch/works/class/siesta_1206_085432/*.ANI': No such file or directory
