mkdir: cannot create directory `/scratch/works/class': Permission denied
cp: target `/scratch/works/class/siesta_1125_232235/' is not a directory
cp: target `/scratch/works/class/siesta_1125_232235/' is not a directory
cp: cannot create regular file `/scratch/works/class/siesta_1125_232235/': No such file or directory
/PBS/mom_priv/jobs/76486.master.hpc.SC: line 74: cd: /scratch/works/class/siesta_1125_232235: No such file or directory
cp: cannot stat `/scratch/works/class/siesta_1125_232235/stdout.txt': No such file or directory
cp: cannot stat `/scratch/works/class/siesta_1125_232235/*.xyz': No such file or directory
cp: cannot stat `/scratch/works/class/siesta_1125_232235/*.EIG': No such file or directory
cp: cannot stat `/scratch/works/class/siesta_1125_232235/*.DM': No such file or directory
cp: cannot stat `/scratch/works/class/siesta_1125_232235/*.DOS': No such file or directory
cp: cannot stat `/scratch/works/class/siesta_1125_232235/*.PDOS': No such file or directory
cp: cannot stat `/scratch/works/class/siesta_1125_232235/*.LDOS': No such file or directory
cp: cannot stat `/scratch/works/class/siesta_1125_232235/*.XV': No such file or directory
cp: cannot stat `/scratch/works/class/siesta_1125_232235/*.RHO': No such file or directory
cp: cannot stat `/scratch/works/class/siesta_1125_232235/*.VH': No such file or directory
cp: cannot stat `/scratch/works/class/siesta_1125_232235/*.bands': No such file or directory
cp: cannot stat `/scratch/works/class/siesta_1125_232235/*.WFSX': No such file or directory
cp: cannot stat `/scratch/works/class/siesta_1125_232235/*.HSX': No such file or directory
cp: cannot stat `/scratch/works/class/siesta_1125_232235/*.TSHS': No such file or directory
cp: cannot stat `/scratch/works/class/siesta_1125_232235/*.AVTRANS': No such file or directory
cp: cannot stat `/scratch/works/class/siesta_1125_232235/*.ANI': No such file or directory
