mkdir: cannot create directory `/scratch/works/class': Permission denied
cp: target `/scratch/works/class/siesta_1203_205718/' is not a directory
cp: target `/scratch/works/class/siesta_1203_205718/' is not a directory
cp: cannot stat `/home/class/GB/151124_graphene_6x6_doping/B_doped_18_252525252525252525/*.DM': No such file or directory
/PBS/mom_priv/jobs/77271.master.hpc.SC: line 74: cd: /scratch/works/class/siesta_1203_205718: No such file or directory
cp: cannot stat `/scratch/works/class/siesta_1203_205718/stdout.txt': No such file or directory
cp: cannot stat `/scratch/works/class/siesta_1203_205718/*.xyz': No such file or directory
cp: cannot stat `/scratch/works/class/siesta_1203_205718/*.EIG': No such file or directory
cp: cannot stat `/scratch/works/class/siesta_1203_205718/*.DM': No such file or directory
cp: cannot stat `/scratch/works/class/siesta_1203_205718/*.DOS': No such file or directory
cp: cannot stat `/scratch/works/class/siesta_1203_205718/*.PDOS': No such file or directory
cp: cannot stat `/scratch/works/class/siesta_1203_205718/*.LDOS': No such file or directory
cp: cannot stat `/scratch/works/class/siesta_1203_205718/*.XV': No such file or directory
cp: cannot stat `/scratch/works/class/siesta_1203_205718/*.RHO': No such file or directory
cp: cannot stat `/scratch/works/class/siesta_1203_205718/*.VH': No such file or directory
cp: cannot stat `/scratch/works/class/siesta_1203_205718/*.bands': No such file or directory
cp: cannot stat `/scratch/works/class/siesta_1203_205718/*.WFSX': No such file or directory
cp: cannot stat `/scratch/works/class/siesta_1203_205718/*.HSX': No such file or directory
cp: cannot stat `/scratch/works/class/siesta_1203_205718/*.TSHS': No such file or directory
cp: cannot stat `/scratch/works/class/siesta_1203_205718/*.AVTRANS': No such file or directory
cp: cannot stat `/scratch/works/class/siesta_1203_205718/*.ANI': No such file or directory
