mkdir: cannot create directory `/scratch/works/class': Permission denied
cp: target `/scratch/works/class/siesta_1206_011536/' is not a directory
cp: target `/scratch/works/class/siesta_1206_011536/' is not a directory
cp: cannot stat `/home/class/GB/151124_graphene_6x6_doping/N_doped_27_145/*.DM': No such file or directory
/PBS/mom_priv/jobs/77547.master.hpc.SC: line 74: cd: /scratch/works/class/siesta_1206_011536: No such file or directory
cp: cannot stat `/scratch/works/class/siesta_1206_011536/stdout.txt': No such file or directory
cp: cannot stat `/scratch/works/class/siesta_1206_011536/*.xyz': No such file or directory
cp: cannot stat `/scratch/works/class/siesta_1206_011536/*.EIG': No such file or directory
cp: cannot stat `/scratch/works/class/siesta_1206_011536/*.DM': No such file or directory
cp: cannot stat `/scratch/works/class/siesta_1206_011536/*.DOS': No such file or directory
cp: cannot stat `/scratch/works/class/siesta_1206_011536/*.PDOS': No such file or directory
cp: cannot stat `/scratch/works/class/siesta_1206_011536/*.LDOS': No such file or directory
cp: cannot stat `/scratch/works/class/siesta_1206_011536/*.XV': No such file or directory
cp: cannot stat `/scratch/works/class/siesta_1206_011536/*.RHO': No such file or directory
cp: cannot stat `/scratch/works/class/siesta_1206_011536/*.VH': No such file or directory
cp: cannot stat `/scratch/works/class/siesta_1206_011536/*.bands': No such file or directory
cp: cannot stat `/scratch/works/class/siesta_1206_011536/*.WFSX': No such file or directory
cp: cannot stat `/scratch/works/class/siesta_1206_011536/*.HSX': No such file or directory
cp: cannot stat `/scratch/works/class/siesta_1206_011536/*.TSHS': No such file or directory
cp: cannot stat `/scratch/works/class/siesta_1206_011536/*.AVTRANS': No such file or directory
cp: cannot stat `/scratch/works/class/siesta_1206_011536/*.ANI': No such file or directory
