mkdir: cannot create directory `/scratch/works/class': Permission denied
cp: target `/scratch/works/class/siesta_1127_035306/' is not a directory
cp: target `/scratch/works/class/siesta_1127_035306/' is not a directory
cp: cannot stat `/home/class/GB/151124_graphene_6x6_doping/B_doped_09_111111114/*.DM': No such file or directory
/PBS/mom_priv/jobs/76634.master.hpc.SC: line 74: cd: /scratch/works/class/siesta_1127_035306: No such file or directory
cp: cannot stat `/scratch/works/class/siesta_1127_035306/stdout.txt': No such file or directory
cp: cannot stat `/scratch/works/class/siesta_1127_035306/*.xyz': No such file or directory
cp: cannot stat `/scratch/works/class/siesta_1127_035306/*.EIG': No such file or directory
cp: cannot stat `/scratch/works/class/siesta_1127_035306/*.DM': No such file or directory
cp: cannot stat `/scratch/works/class/siesta_1127_035306/*.DOS': No such file or directory
cp: cannot stat `/scratch/works/class/siesta_1127_035306/*.PDOS': No such file or directory
cp: cannot stat `/scratch/works/class/siesta_1127_035306/*.LDOS': No such file or directory
cp: cannot stat `/scratch/works/class/siesta_1127_035306/*.XV': No such file or directory
cp: cannot stat `/scratch/works/class/siesta_1127_035306/*.RHO': No such file or directory
cp: cannot stat `/scratch/works/class/siesta_1127_035306/*.VH': No such file or directory
cp: cannot stat `/scratch/works/class/siesta_1127_035306/*.bands': No such file or directory
cp: cannot stat `/scratch/works/class/siesta_1127_035306/*.WFSX': No such file or directory
cp: cannot stat `/scratch/works/class/siesta_1127_035306/*.HSX': No such file or directory
cp: cannot stat `/scratch/works/class/siesta_1127_035306/*.TSHS': No such file or directory
cp: cannot stat `/scratch/works/class/siesta_1127_035306/*.AVTRANS': No such file or directory
cp: cannot stat `/scratch/works/class/siesta_1127_035306/*.ANI': No such file or directory
