mkdir: cannot create directory `/scratch/works/class': Permission denied
cp: target `/scratch/works/class/siesta_1130_144857/' is not a directory
cp: target `/scratch/works/class/siesta_1130_144857/' is not a directory
cp: cannot stat `/home/class/GB/151124_graphene_6x6_doping/B_doped_09_341111111/*.DM': No such file or directory
/PBS/mom_priv/jobs/77019.master.hpc.SC: line 74: cd: /scratch/works/class/siesta_1130_144857: No such file or directory
cp: cannot stat `/scratch/works/class/siesta_1130_144857/stdout.txt': No such file or directory
cp: cannot stat `/scratch/works/class/siesta_1130_144857/*.xyz': No such file or directory
cp: cannot stat `/scratch/works/class/siesta_1130_144857/*.EIG': No such file or directory
cp: cannot stat `/scratch/works/class/siesta_1130_144857/*.DM': No such file or directory
cp: cannot stat `/scratch/works/class/siesta_1130_144857/*.DOS': No such file or directory
cp: cannot stat `/scratch/works/class/siesta_1130_144857/*.PDOS': No such file or directory
cp: cannot stat `/scratch/works/class/siesta_1130_144857/*.LDOS': No such file or directory
cp: cannot stat `/scratch/works/class/siesta_1130_144857/*.XV': No such file or directory
cp: cannot stat `/scratch/works/class/siesta_1130_144857/*.RHO': No such file or directory
cp: cannot stat `/scratch/works/class/siesta_1130_144857/*.VH': No such file or directory
cp: cannot stat `/scratch/works/class/siesta_1130_144857/*.bands': No such file or directory
cp: cannot stat `/scratch/works/class/siesta_1130_144857/*.WFSX': No such file or directory
cp: cannot stat `/scratch/works/class/siesta_1130_144857/*.HSX': No such file or directory
cp: cannot stat `/scratch/works/class/siesta_1130_144857/*.TSHS': No such file or directory
cp: cannot stat `/scratch/works/class/siesta_1130_144857/*.AVTRANS': No such file or directory
cp: cannot stat `/scratch/works/class/siesta_1130_144857/*.ANI': No such file or directory
