mkdir: cannot create directory `/scratch/works/class': Permission denied
cp: target `/scratch/works/class/siesta_1201_020146/' is not a directory
cp: target `/scratch/works/class/siesta_1201_020146/' is not a directory
cp: cannot stat `/home/class/GB/151124_graphene_6x6_doping/N_doped_09_311111115/*.DM': No such file or directory
/PBS/mom_priv/jobs/77063.master.hpc.SC: line 74: cd: /scratch/works/class/siesta_1201_020146: No such file or directory
cp: cannot stat `/scratch/works/class/siesta_1201_020146/stdout.txt': No such file or directory
cp: cannot stat `/scratch/works/class/siesta_1201_020146/*.xyz': No such file or directory
cp: cannot stat `/scratch/works/class/siesta_1201_020146/*.EIG': No such file or directory
cp: cannot stat `/scratch/works/class/siesta_1201_020146/*.DM': No such file or directory
cp: cannot stat `/scratch/works/class/siesta_1201_020146/*.DOS': No such file or directory
cp: cannot stat `/scratch/works/class/siesta_1201_020146/*.PDOS': No such file or directory
cp: cannot stat `/scratch/works/class/siesta_1201_020146/*.LDOS': No such file or directory
cp: cannot stat `/scratch/works/class/siesta_1201_020146/*.XV': No such file or directory
cp: cannot stat `/scratch/works/class/siesta_1201_020146/*.RHO': No such file or directory
cp: cannot stat `/scratch/works/class/siesta_1201_020146/*.VH': No such file or directory
cp: cannot stat `/scratch/works/class/siesta_1201_020146/*.bands': No such file or directory
cp: cannot stat `/scratch/works/class/siesta_1201_020146/*.WFSX': No such file or directory
cp: cannot stat `/scratch/works/class/siesta_1201_020146/*.HSX': No such file or directory
cp: cannot stat `/scratch/works/class/siesta_1201_020146/*.TSHS': No such file or directory
cp: cannot stat `/scratch/works/class/siesta_1201_020146/*.AVTRANS': No such file or directory
cp: cannot stat `/scratch/works/class/siesta_1201_020146/*.ANI': No such file or directory
