mkdir: cannot create directory `/scratch/works/class': Permission denied
cp: target `/scratch/works/class/siesta_1128_234541/' is not a directory
cp: target `/scratch/works/class/siesta_1128_234541/' is not a directory
cp: cannot create regular file `/scratch/works/class/siesta_1128_234541/': No such file or directory
/PBS/mom_priv/jobs/76874.master.hpc.SC: line 74: cd: /scratch/works/class/siesta_1128_234541: No such file or directory
cp: cannot stat `/scratch/works/class/siesta_1128_234541/stdout.txt': No such file or directory
cp: cannot stat `/scratch/works/class/siesta_1128_234541/*.xyz': No such file or directory
cp: cannot stat `/scratch/works/class/siesta_1128_234541/*.EIG': No such file or directory
cp: cannot stat `/scratch/works/class/siesta_1128_234541/*.DM': No such file or directory
cp: cannot stat `/scratch/works/class/siesta_1128_234541/*.DOS': No such file or directory
cp: cannot stat `/scratch/works/class/siesta_1128_234541/*.PDOS': No such file or directory
cp: cannot stat `/scratch/works/class/siesta_1128_234541/*.LDOS': No such file or directory
cp: cannot stat `/scratch/works/class/siesta_1128_234541/*.XV': No such file or directory
cp: cannot stat `/scratch/works/class/siesta_1128_234541/*.RHO': No such file or directory
cp: cannot stat `/scratch/works/class/siesta_1128_234541/*.VH': No such file or directory
cp: cannot stat `/scratch/works/class/siesta_1128_234541/*.bands': No such file or directory
cp: cannot stat `/scratch/works/class/siesta_1128_234541/*.WFSX': No such file or directory
cp: cannot stat `/scratch/works/class/siesta_1128_234541/*.HSX': No such file or directory
cp: cannot stat `/scratch/works/class/siesta_1128_234541/*.TSHS': No such file or directory
cp: cannot stat `/scratch/works/class/siesta_1128_234541/*.AVTRANS': No such file or directory
cp: cannot stat `/scratch/works/class/siesta_1128_234541/*.ANI': No such file or directory
