mkdir: cannot create directory `/scratch/works/class': Permission denied
cp: target `/scratch/works/class/siesta_1129_142402/' is not a directory
cp: target `/scratch/works/class/siesta_1129_142402/' is not a directory
cp: cannot create regular file `/scratch/works/class/siesta_1129_142402/': No such file or directory
/PBS/mom_priv/jobs/76904.master.hpc.SC: line 74: cd: /scratch/works/class/siesta_1129_142402: No such file or directory
cp: cannot stat `/scratch/works/class/siesta_1129_142402/stdout.txt': No such file or directory
cp: cannot stat `/scratch/works/class/siesta_1129_142402/*.xyz': No such file or directory
cp: cannot stat `/scratch/works/class/siesta_1129_142402/*.EIG': No such file or directory
cp: cannot stat `/scratch/works/class/siesta_1129_142402/*.DM': No such file or directory
cp: cannot stat `/scratch/works/class/siesta_1129_142402/*.DOS': No such file or directory
cp: cannot stat `/scratch/works/class/siesta_1129_142402/*.PDOS': No such file or directory
cp: cannot stat `/scratch/works/class/siesta_1129_142402/*.LDOS': No such file or directory
cp: cannot stat `/scratch/works/class/siesta_1129_142402/*.XV': No such file or directory
cp: cannot stat `/scratch/works/class/siesta_1129_142402/*.RHO': No such file or directory
cp: cannot stat `/scratch/works/class/siesta_1129_142402/*.VH': No such file or directory
cp: cannot stat `/scratch/works/class/siesta_1129_142402/*.bands': No such file or directory
cp: cannot stat `/scratch/works/class/siesta_1129_142402/*.WFSX': No such file or directory
cp: cannot stat `/scratch/works/class/siesta_1129_142402/*.HSX': No such file or directory
cp: cannot stat `/scratch/works/class/siesta_1129_142402/*.TSHS': No such file or directory
cp: cannot stat `/scratch/works/class/siesta_1129_142402/*.AVTRANS': No such file or directory
cp: cannot stat `/scratch/works/class/siesta_1129_142402/*.ANI': No such file or directory
