mkdir: cannot create directory `/scratch/works/class': Permission denied
cp: target `/scratch/works/class/siesta_1130_002143/' is not a directory
cp: target `/scratch/works/class/siesta_1130_002143/' is not a directory
cp: cannot create regular file `/scratch/works/class/siesta_1130_002143/': No such file or directory
/PBS/mom_priv/jobs/76979.master.hpc.SC: line 74: cd: /scratch/works/class/siesta_1130_002143: No such file or directory
cp: cannot stat `/scratch/works/class/siesta_1130_002143/stdout.txt': No such file or directory
cp: cannot stat `/scratch/works/class/siesta_1130_002143/*.xyz': No such file or directory
cp: cannot stat `/scratch/works/class/siesta_1130_002143/*.EIG': No such file or directory
cp: cannot stat `/scratch/works/class/siesta_1130_002143/*.DM': No such file or directory
cp: cannot stat `/scratch/works/class/siesta_1130_002143/*.DOS': No such file or directory
cp: cannot stat `/scratch/works/class/siesta_1130_002143/*.PDOS': No such file or directory
cp: cannot stat `/scratch/works/class/siesta_1130_002143/*.LDOS': No such file or directory
cp: cannot stat `/scratch/works/class/siesta_1130_002143/*.XV': No such file or directory
cp: cannot stat `/scratch/works/class/siesta_1130_002143/*.RHO': No such file or directory
cp: cannot stat `/scratch/works/class/siesta_1130_002143/*.VH': No such file or directory
cp: cannot stat `/scratch/works/class/siesta_1130_002143/*.bands': No such file or directory
cp: cannot stat `/scratch/works/class/siesta_1130_002143/*.WFSX': No such file or directory
cp: cannot stat `/scratch/works/class/siesta_1130_002143/*.HSX': No such file or directory
cp: cannot stat `/scratch/works/class/siesta_1130_002143/*.TSHS': No such file or directory
cp: cannot stat `/scratch/works/class/siesta_1130_002143/*.AVTRANS': No such file or directory
cp: cannot stat `/scratch/works/class/siesta_1130_002143/*.ANI': No such file or directory
