mkdir: cannot create directory `/scratch/works/class': Permission denied
cp: target `/scratch/works/class/siesta_1204_184253/' is not a directory
cp: target `/scratch/works/class/siesta_1204_184253/' is not a directory
cp: cannot stat `/home/class/GB/151124_graphene_6x6_doping/B_doped_27_125/*.DM': No such file or directory
/PBS/mom_priv/jobs/77389.master.hpc.SC: line 74: cd: /scratch/works/class/siesta_1204_184253: No such file or directory
cp: cannot stat `/scratch/works/class/siesta_1204_184253/stdout.txt': No such file or directory
cp: cannot stat `/scratch/works/class/siesta_1204_184253/*.xyz': No such file or directory
cp: cannot stat `/scratch/works/class/siesta_1204_184253/*.EIG': No such file or directory
cp: cannot stat `/scratch/works/class/siesta_1204_184253/*.DM': No such file or directory
cp: cannot stat `/scratch/works/class/siesta_1204_184253/*.DOS': No such file or directory
cp: cannot stat `/scratch/works/class/siesta_1204_184253/*.PDOS': No such file or directory
cp: cannot stat `/scratch/works/class/siesta_1204_184253/*.LDOS': No such file or directory
cp: cannot stat `/scratch/works/class/siesta_1204_184253/*.XV': No such file or directory
cp: cannot stat `/scratch/works/class/siesta_1204_184253/*.RHO': No such file or directory
cp: cannot stat `/scratch/works/class/siesta_1204_184253/*.VH': No such file or directory
cp: cannot stat `/scratch/works/class/siesta_1204_184253/*.bands': No such file or directory
cp: cannot stat `/scratch/works/class/siesta_1204_184253/*.WFSX': No such file or directory
cp: cannot stat `/scratch/works/class/siesta_1204_184253/*.HSX': No such file or directory
cp: cannot stat `/scratch/works/class/siesta_1204_184253/*.TSHS': No such file or directory
cp: cannot stat `/scratch/works/class/siesta_1204_184253/*.AVTRANS': No such file or directory
cp: cannot stat `/scratch/works/class/siesta_1204_184253/*.ANI': No such file or directory
